Using pre-set license
Built from '2023.2/staging' branch; Version is '2023.2.7f1 (0a9195b3d453) revision 692629'; Using compiler version '193431935'; Build Type 'Release'
OS: 'Windows 10  (10.0.19045) 64bit Professional' Language: 'hu' Physical Memory: 32173 MB
BatchMode: 1, IsHumanControllingUs: 0, StartBugReporterOnCrash: 0, Is64bit: 1, IsPro: 1

COMMAND LINE ARGUMENTS:
C:\Program Files\Unity\Hub\Editor\2023.2.7f1\Editor\Unity.exe
-adb2
-batchMode
-noUpm
-name
AssetImportWorker4
-projectPath
C:/Git/Challenger-of-DEMOnic-City/Challenger of DEMOnic City
-logFile
Logs/AssetImportWorker4.log
-srvPort
63203
-job-worker-count
7
-background-job-worker-count
8
-asset-garbage-collectors
1
Successfully changed project path to: C:/Git/Challenger-of-DEMOnic-City/Challenger of DEMOnic City
C:/Git/Challenger-of-DEMOnic-City/Challenger of DEMOnic City
[UnityMemory] Configuration Parameters - Can be set up in boot.config
    "memorysetup-bucket-allocator-granularity=16"
    "memorysetup-bucket-allocator-bucket-count=8"
    "memorysetup-bucket-allocator-block-size=33554432"
    "memorysetup-bucket-allocator-block-count=8"
    "memorysetup-main-allocator-block-size=16777216"
    "memorysetup-thread-allocator-block-size=16777216"
    "memorysetup-gfx-main-allocator-block-size=16777216"
    "memorysetup-gfx-thread-allocator-block-size=16777216"
    "memorysetup-cache-allocator-block-size=4194304"
    "memorysetup-typetree-allocator-block-size=2097152"
    "memorysetup-profiler-bucket-allocator-granularity=16"
    "memorysetup-profiler-bucket-allocator-bucket-count=8"
    "memorysetup-profiler-bucket-allocator-block-size=33554432"
    "memorysetup-profiler-bucket-allocator-block-count=8"
    "memorysetup-profiler-allocator-block-size=16777216"
    "memorysetup-profiler-editor-allocator-block-size=1048576"
    "memorysetup-temp-allocator-size-main=16777216"
    "memorysetup-job-temp-allocator-block-size=2097152"
    "memorysetup-job-temp-allocator-block-size-background=1048576"
    "memorysetup-job-temp-allocator-reduction-small-platforms=262144"
    "memorysetup-allocator-temp-initial-block-size-main=262144"
    "memorysetup-allocator-temp-initial-block-size-worker=262144"
    "memorysetup-temp-allocator-size-background-worker=32768"
    "memorysetup-temp-allocator-size-job-worker=262144"
    "memorysetup-temp-allocator-size-preload-manager=33554432"
    "memorysetup-temp-allocator-size-nav-mesh-worker=65536"
    "memorysetup-temp-allocator-size-audio-worker=65536"
    "memorysetup-temp-allocator-size-cloud-worker=32768"
    "memorysetup-temp-allocator-size-gi-baking-worker=262144"
    "memorysetup-temp-allocator-size-gi-baking-worker=262144"
    "memorysetup-temp-allocator-size-gi-baking-worker=262144"
    "memorysetup-temp-allocator-size-gi-baking-worker=262144"
    "memorysetup-temp-allocator-size-gfx=262144"
Player connection [13200] Host "[IP] 169.254.10.46 [Port] 0 [Flags] 2 [Guid] 2192709649 [EditorId] 2192709649 [Version] 1048832 [Id] WindowsEditor(7,DESKTOP-VEOHDT3) [Debug] 1 [PackageName] WindowsEditor [ProjectName] Editor" joined multi-casting on [225.0.0.222:54997]...
Player connection [13200] Host "[IP] 169.254.10.46 [Port] 0 [Flags] 2 [Guid] 2192709649 [EditorId] 2192709649 [Version] 1048832 [Id] WindowsEditor(7,DESKTOP-VEOHDT3) [Debug] 1 [PackageName] WindowsEditor [ProjectName] Editor" joined alternative multi-casting on [225.0.0.222:34997]...
JobSystem: Creating JobQueue using job-worker-count value 7
[Physics::Module] Initialized MultithreadedJobDispatcher with 7 workers.
Library Redirect Path: Library/
Refreshing native plugins compatible for Editor in 2.27 ms, found 3 plugins.
Preloading 0 native plugins for Editor in 0.00 ms.
Initialize engine version: 2023.2.7f1 (0a9195b3d453)
[Subsystems] Discovering subsystems at path C:/Program Files/Unity/Hub/Editor/2023.2.7f1/Editor/Data/Resources/UnitySubsystems
[Subsystems] Discovering subsystems at path C:/Git/Challenger-of-DEMOnic-City/Challenger of DEMOnic City/Assets
GfxDevice: creating device client; kGfxThreadingModeNonThreaded
Direct3D:
    Version:  Direct3D 11.0 [level 11.1]
    Renderer: NVIDIA GeForce RTX 2060 (ID=0x1f15)
    Vendor:   NVIDIA
    VRAM:     5969 MB
    Driver:   31.0.15.4633
Initialize mono
Mono path[0] = 'C:/Program Files/Unity/Hub/Editor/2023.2.7f1/Editor/Data/Managed'
Mono path[1] = 'C:/Program Files/Unity/Hub/Editor/2023.2.7f1/Editor/Data/MonoBleedingEdge/lib/mono/unityjit-win32'
Mono config path = 'C:/Program Files/Unity/Hub/Editor/2023.2.7f1/Editor/Data/MonoBleedingEdge/etc'
Using monoOptions --debugger-agent=transport=dt_socket,embedding=1,server=y,suspend=n,address=127.0.0.1:56100
Begin MonoManager ReloadAssembly
C:\build\output\Unity-Technologies\mono\mono\metadata\icall.c:1842:
C:\build\output\Unity-Technologies\mono\mono\metadata\icall.c:1842:
C:\build\output\Unity-Technologies\mono\mono\metadata\icall.c:1842:
C:\build\output\Unity-Technologies\mono\mono\metadata\icall.c:1842:
C:\build\output\Unity-Technologies\mono\mono\metadata\icall.c:1842:
C:\build\output\Unity-Technologies\mono\mono\metadata\icall.c:1842:
C:\build\output\Unity-Technologies\mono\mono\metadata\icall.c:1842:
C:\build\output\Unity-Technologies\mono\mono\metadata\icall.c:1842:
C:\build\output\Unity-Technologies\mono\mono\metadata\icall.c:1842:
C:\build\output\Unity-Technologies\mono\mono\metadata\icall.c:1842:
Registering precompiled unity dll's ...
Register platform support module: C:/Program Files/Unity/Hub/Editor/2023.2.7f1/Editor/Data/PlaybackEngines/WindowsStandaloneSupport/UnityEditor.WindowsStandalone.Extensions.dll
Registered in 0.004286 seconds.
- Loaded All Assemblies, in  0.454 seconds
Native extension for WindowsStandalone target not found
Mono: successfully reloaded assembly
C:\build\output\Unity-Technologies\mono\mono\metadata\icall.c:1842:
C:\build\output\Unity-Technologies\mono\mono\metadata\icall.c:1842:
- Finished resetting the current domain, in  0.602 seconds
Domain Reload Profiling: 1054ms
	BeginReloadAssembly (143ms)
		ExecutionOrderSort (0ms)
		DisableScriptedObjects (0ms)
		BackupInstance (0ms)
		ReleaseScriptingObjects (0ms)
		CreateAndSetChildDomain (1ms)
	RebuildCommonClasses (41ms)
	RebuildNativeTypeToScriptingClass (15ms)
	initialDomainReloadingComplete (62ms)
	LoadAllAssembliesAndSetupDomain (191ms)
		LoadAssemblies (139ms)
		RebuildTransferFunctionScriptingTraits (0ms)
		AnalyzeDomain (188ms)
			TypeCache.Refresh (186ms)
				TypeCache.ScanAssembly (172ms)
			BuildScriptInfoCaches (0ms)
			ResolveRequiredComponents (1ms)
	FinalizeReload (603ms)
		ReleaseScriptCaches (0ms)
		RebuildScriptCaches (0ms)
		SetupLoadedEditorAssemblies (512ms)
			LogAssemblyErrors (0ms)
			InitializePlatformSupportModulesInManaged (19ms)
			SetLoadedEditorAssemblies (14ms)
			BeforeProcessingInitializeOnLoad (14ms)
			ProcessInitializeOnLoadAttributes (401ms)
			ProcessInitializeOnLoadMethodAttributes (64ms)
			AfterProcessingInitializeOnLoad (0ms)
			EditorAssembliesLoaded (0ms)
		ExecutionOrderSort2 (0ms)
		AwakeInstancesAfterBackupRestoration (0ms)
========================================================================
Worker process is ready to serve import requests
Import Worker Mode flag is 0x00
Begin MonoManager ReloadAssembly
C:\build\output\Unity-Technologies\mono\mono\metadata\icall.c:1842:
C:\build\output\Unity-Technologies\mono\mono\metadata\icall.c:1842:
C:\build\output\Unity-Technologies\mono\mono\metadata\icall.c:1842:
C:\build\output\Unity-Technologies\mono\mono\metadata\icall.c:1842:
C:\build\output\Unity-Technologies\mono\mono\metadata\icall.c:1842:
C:\build\output\Unity-Technologies\mono\mono\metadata\icall.c:1842:
C:\build\output\Unity-Technologies\mono\mono\metadata\icall.c:1842:
C:\build\output\Unity-Technologies\mono\mono\metadata\icall.c:1842:
C:\build\output\Unity-Technologies\mono\mono\metadata\icall.c:1842:
C:\build\output\Unity-Technologies\mono\mono\metadata\icall.c:1842:
C:\build\output\Unity-Technologies\mono\mono\metadata\icall.c:1842:
C:\build\output\Unity-Technologies\mono\mono\metadata\icall.c:1842:
Symbol file LoadedFromMemory doesn't match image C:\Git\Challenger-of-DEMOnic-City\Challenger of DEMOnic City\Library\PackageCache\com.unity.visualscripting@1.8.0\Editor\VisualScripting.Core\Dependencies\YamlDotNet\Unity.VisualScripting.YamlDotNet.dll
Symbol file LoadedFromMemory doesn't match image C:\Git\Challenger-of-DEMOnic-City\Challenger of DEMOnic City\Library\PackageCache\com.unity.visualscripting@1.8.0\Editor\VisualScripting.Core\Dependencies\DotNetZip\Unity.VisualScripting.IonicZip.dll
- Loaded All Assemblies, in  0.878 seconds
Refreshing native plugins compatible for Editor in 0.89 ms, found 3 plugins.
Native extension for WindowsStandalone target not found
Mono: successfully reloaded assembly
- Finished resetting the current domain, in  0.956 seconds
Domain Reload Profiling: 1830ms
	BeginReloadAssembly (364ms)
		ExecutionOrderSort (0ms)
		DisableScriptedObjects (6ms)
		BackupInstance (0ms)
		ReleaseScriptingObjects (0ms)
		CreateAndSetChildDomain (38ms)
	RebuildCommonClasses (41ms)
	RebuildNativeTypeToScriptingClass (14ms)
	initialDomainReloadingComplete (46ms)
	LoadAllAssembliesAndSetupDomain (408ms)
		LoadAssemblies (321ms)
		RebuildTransferFunctionScriptingTraits (0ms)
		AnalyzeDomain (192ms)
			TypeCache.Refresh (159ms)
				TypeCache.ScanAssembly (145ms)
			BuildScriptInfoCaches (22ms)
			ResolveRequiredComponents (7ms)
	FinalizeReload (957ms)
		ReleaseScriptCaches (0ms)
		RebuildScriptCaches (0ms)
		SetupLoadedEditorAssemblies (649ms)
			LogAssemblyErrors (0ms)
			InitializePlatformSupportModulesInManaged (4ms)
			SetLoadedEditorAssemblies (5ms)
			BeforeProcessingInitializeOnLoad (62ms)
			ProcessInitializeOnLoadAttributes (546ms)
			ProcessInitializeOnLoadMethodAttributes (24ms)
			AfterProcessingInitializeOnLoad (8ms)
			EditorAssembliesLoaded (0ms)
		ExecutionOrderSort2 (0ms)
		AwakeInstancesAfterBackupRestoration (6ms)
Launched and connected shader compiler UnityShaderCompiler.exe after 0.01 seconds
Refreshing native plugins compatible for Editor in 1.18 ms, found 3 plugins.
Preloading 0 native plugins for Editor in 0.00 ms.
Unloading 27 Unused Serialized files (Serialized files now loaded: 0)
Unloading 3169 unused Assets / (1.3 MB). Loaded Objects now: 3742.
Memory consumption went from 121.2 MB to 119.9 MB.
Total: 8.949300 ms (FindLiveObjects: 0.546800 ms CreateObjectMapping: 0.552000 ms MarkObjects: 6.075200 ms  DeleteObjects: 1.773400 ms)

========================================================================
Received Prepare
Begin MonoManager ReloadAssembly
C:\build\output\Unity-Technologies\mono\mono\metadata\icall.c:1842:
C:\build\output\Unity-Technologies\mono\mono\metadata\icall.c:1842:
C:\build\output\Unity-Technologies\mono\mono\metadata\icall.c:1842:
C:\build\output\Unity-Technologies\mono\mono\metadata\icall.c:1842:
C:\build\output\Unity-Technologies\mono\mono\metadata\icall.c:1842:
C:\build\output\Unity-Technologies\mono\mono\metadata\icall.c:1842:
C:\build\output\Unity-Technologies\mono\mono\metadata\icall.c:1842:
C:\build\output\Unity-Technologies\mono\mono\metadata\icall.c:1842:
C:\build\output\Unity-Technologies\mono\mono\metadata\icall.c:1842:
C:\build\output\Unity-Technologies\mono\mono\metadata\icall.c:1842:
C:\build\output\Unity-Technologies\mono\mono\metadata\icall.c:1842:
C:\build\output\Unity-Technologies\mono\mono\metadata\icall.c:1842:
Symbol file LoadedFromMemory doesn't match image C:\Git\Challenger-of-DEMOnic-City\Challenger of DEMOnic City\Library\PackageCache\com.unity.visualscripting@1.8.0\Editor\VisualScripting.Core\Dependencies\YamlDotNet\Unity.VisualScripting.YamlDotNet.dll
Symbol file LoadedFromMemory doesn't match image C:\Git\Challenger-of-DEMOnic-City\Challenger of DEMOnic City\Library\PackageCache\com.unity.visualscripting@1.8.0\Editor\VisualScripting.Core\Dependencies\DotNetZip\Unity.VisualScripting.IonicZip.dll
- Loaded All Assemblies, in  0.881 seconds
Refreshing native plugins compatible for Editor in 0.89 ms, found 3 plugins.
Native extension for WindowsStandalone target not found
Mono: successfully reloaded assembly
- Finished resetting the current domain, in  0.969 seconds
Domain Reload Profiling: 1849ms
	BeginReloadAssembly (284ms)
		ExecutionOrderSort (0ms)
		DisableScriptedObjects (10ms)
		BackupInstance (0ms)
		ReleaseScriptingObjects (0ms)
		CreateAndSetChildDomain (59ms)
	RebuildCommonClasses (50ms)
	RebuildNativeTypeToScriptingClass (15ms)
	initialDomainReloadingComplete (41ms)
	LoadAllAssembliesAndSetupDomain (488ms)
		LoadAssemblies (468ms)
		RebuildTransferFunctionScriptingTraits (0ms)
		AnalyzeDomain (181ms)
			TypeCache.Refresh (8ms)
				TypeCache.ScanAssembly (0ms)
			BuildScriptInfoCaches (162ms)
			ResolveRequiredComponents (6ms)
	FinalizeReload (970ms)
		ReleaseScriptCaches (0ms)
		RebuildScriptCaches (0ms)
		SetupLoadedEditorAssemblies (731ms)
			LogAssemblyErrors (0ms)
			InitializePlatformSupportModulesInManaged (3ms)
			SetLoadedEditorAssemblies (5ms)
			BeforeProcessingInitializeOnLoad (54ms)
			ProcessInitializeOnLoadAttributes (637ms)
			ProcessInitializeOnLoadMethodAttributes (25ms)
			AfterProcessingInitializeOnLoad (7ms)
			EditorAssembliesLoaded (0ms)
		ExecutionOrderSort2 (0ms)
		AwakeInstancesAfterBackupRestoration (6ms)
Refreshing native plugins compatible for Editor in 1.21 ms, found 3 plugins.
Preloading 0 native plugins for Editor in 0.00 ms.
Unloading 2 Unused Serialized files (Serialized files now loaded: 0)
Unloading 3167 unused Assets / (1.1 MB). Loaded Objects now: 3742.
Memory consumption went from 117.9 MB to 116.7 MB.
Total: 8.553400 ms (FindLiveObjects: 0.513400 ms CreateObjectMapping: 0.529500 ms MarkObjects: 5.792100 ms  DeleteObjects: 1.715300 ms)

Prepare: number of updated asset objects reloaded= 0
========================================================================
Received Import Request.
  Time since last request: 435435.861593 seconds.
  path: Assets/PolygonCity/Prefabs/Characters
  artifactKey: Guid(3057162e47aef7a4a9ba89964c82facb) Importer(815301076,1909f56bfc062723c751e8b465ee728b)
Start importing Assets/PolygonCity/Prefabs/Characters using Guid(3057162e47aef7a4a9ba89964c82facb) Importer(815301076,1909f56bfc062723c751e8b465ee728b) (PreviewImporter) -> (artifact id: '2c56c0a951a12330b5c6d08c47c71415') in 0.0072978 seconds
Number of updated asset objects reloaded before import = 0Number of asset objects unloaded after import = 0

========================================================================
Received Import Request.
  Time since last request: 0.053184 seconds.
  path: Assets/PolygonCity/Prefabs/Characters/Character_BusinessMan_Suit_01.prefab
  artifactKey: Guid(471247d5cf89b2c46bcde0f08524197e) Importer(815301076,1909f56bfc062723c751e8b465ee728b)
Start importing Assets/PolygonCity/Prefabs/Characters/Character_BusinessMan_Suit_01.prefab using Guid(471247d5cf89b2c46bcde0f08524197e) Importer(815301076,1909f56bfc062723c751e8b465ee728b) (PreviewImporter) -> (artifact id: '8dae2fc973657bc786c25a8e36f780fe') in 0.2307618 seconds
Number of updated asset objects reloaded before import = 0Number of asset objects unloaded after import = 145

========================================================================
Received Import Request.
  Time since last request: 0.000031 seconds.
  path: Assets/PolygonCity/Prefabs/Characters/Character_Male_Hoodie_01.prefab
  artifactKey: Guid(48b470c6a762f60438c631f219257520) Importer(815301076,1909f56bfc062723c751e8b465ee728b)
Start importing Assets/PolygonCity/Prefabs/Characters/Character_Male_Hoodie_01.prefab using Guid(48b470c6a762f60438c631f219257520) Importer(815301076,1909f56bfc062723c751e8b465ee728b) (PreviewImporter) -> (artifact id: '217e4f49021f678cc81d32b03ddc964c') in 0.0609447 seconds
Number of updated asset objects reloaded before import = 0Number of asset objects unloaded after import = 145

========================================================================
Received Import Request.
  Time since last request: 1.422294 seconds.
  path: Assets/PolygonCity/Prefabs/Environments
  artifactKey: Guid(ee18d67393060e549ab351fbb7b235a1) Importer(815301076,1909f56bfc062723c751e8b465ee728b)
Start importing Assets/PolygonCity/Prefabs/Environments using Guid(ee18d67393060e549ab351fbb7b235a1) Importer(815301076,1909f56bfc062723c751e8b465ee728b) (PreviewImporter) -> (artifact id: '2e606eb6f3d5abc8fb49c67f991e153e') in 0.0073206 seconds
Number of updated asset objects reloaded before import = 0Number of asset objects unloaded after import = 0

========================================================================
Received Import Request.
  Time since last request: 0.240692 seconds.
  path: Assets/PolygonCity/Prefabs/Environments/SM_Env_Bridge_Edge_01.prefab
  artifactKey: Guid(b2e8639d9a0fc7b48b6d71f8950a7686) Importer(815301076,1909f56bfc062723c751e8b465ee728b)
Start importing Assets/PolygonCity/Prefabs/Environments/SM_Env_Bridge_Edge_01.prefab using Guid(b2e8639d9a0fc7b48b6d71f8950a7686) Importer(815301076,1909f56bfc062723c751e8b465ee728b) (PreviewImporter) -> (artifact id: '7af7001e981225b12302490804987b33') in 0.0293896 seconds
Number of updated asset objects reloaded before import = 0Number of asset objects unloaded after import = 14

========================================================================
Received Import Request.
  Time since last request: 0.000045 seconds.
  path: Assets/PolygonCity/Prefabs/Environments/SM_Env_Cloud_01.prefab
  artifactKey: Guid(142ea8d35ff76aa42bf5c81b59a31de3) Importer(815301076,1909f56bfc062723c751e8b465ee728b)
Start importing Assets/PolygonCity/Prefabs/Environments/SM_Env_Cloud_01.prefab using Guid(142ea8d35ff76aa42bf5c81b59a31de3) Importer(815301076,1909f56bfc062723c751e8b465ee728b) (PreviewImporter) -> (artifact id: '238a9db10bb2ce47a85e9fc1601c17ca') in 0.0260533 seconds
Number of updated asset objects reloaded before import = 0Number of asset objects unloaded after import = 8

========================================================================
Received Import Request.
  Time since last request: 0.000146 seconds.
  path: Assets/PolygonCity/Prefabs/Environments/SM_Env_Grass_01.prefab
  artifactKey: Guid(7b30b5ba44201104fba4e71a527b6905) Importer(815301076,1909f56bfc062723c751e8b465ee728b)
Start importing Assets/PolygonCity/Prefabs/Environments/SM_Env_Grass_01.prefab using Guid(7b30b5ba44201104fba4e71a527b6905) Importer(815301076,1909f56bfc062723c751e8b465ee728b) (PreviewImporter) -> (artifact id: 'b04fb215fddc3d74db3655ad36b00f4d') in 0.0343308 seconds
Number of updated asset objects reloaded before import = 0Number of asset objects unloaded after import = 13

========================================================================
Received Import Request.
  Time since last request: 0.000053 seconds.
  path: Assets/PolygonCity/Prefabs/Environments/SM_Env_Ocean_Tile_01.prefab
  artifactKey: Guid(60d3688bc6832bf45ac9ea2bf1c8ab03) Importer(815301076,1909f56bfc062723c751e8b465ee728b)
Start importing Assets/PolygonCity/Prefabs/Environments/SM_Env_Ocean_Tile_01.prefab using Guid(60d3688bc6832bf45ac9ea2bf1c8ab03) Importer(815301076,1909f56bfc062723c751e8b465ee728b) (PreviewImporter) -> (artifact id: 'd0e0963a92583d9e494e87b9e69e3592') in 0.0293945 seconds
Number of updated asset objects reloaded before import = 0Number of asset objects unloaded after import = 8

========================================================================
Received Import Request.
  Time since last request: 0.000029 seconds.
  path: Assets/PolygonCity/Prefabs/Environments/SM_Env_Path_Junction_01.prefab
  artifactKey: Guid(3d64129ea690b5840a03b5f2f5c4b588) Importer(815301076,1909f56bfc062723c751e8b465ee728b)
Start importing Assets/PolygonCity/Prefabs/Environments/SM_Env_Path_Junction_01.prefab using Guid(3d64129ea690b5840a03b5f2f5c4b588) Importer(815301076,1909f56bfc062723c751e8b465ee728b) (PreviewImporter) -> (artifact id: 'c733e3751ab7c0448b2c143c28b29aa8') in 0.0368682 seconds
Number of updated asset objects reloaded before import = 0Number of asset objects unloaded after import = 14

========================================================================
Received Import Request.
  Time since last request: 0.000054 seconds.
  path: Assets/PolygonCity/Prefabs/Environments/SM_Env_Road_01.prefab
  artifactKey: Guid(fa07ca939fb86614e840203d85f23f08) Importer(815301076,1909f56bfc062723c751e8b465ee728b)
Start importing Assets/PolygonCity/Prefabs/Environments/SM_Env_Road_01.prefab using Guid(fa07ca939fb86614e840203d85f23f08) Importer(815301076,1909f56bfc062723c751e8b465ee728b) (PreviewImporter) -> (artifact id: 'f4e1bacb87b8df63aadc8bc03595188b') in 0.0519334 seconds
Number of updated asset objects reloaded before import = 0Number of asset objects unloaded after import = 11

========================================================================
Received Import Request.
  Time since last request: 0.000035 seconds.
  path: Assets/PolygonCity/Prefabs/Environments/SM_Env_Road_Lines_01.prefab
  artifactKey: Guid(69af78e726c8b9842bb53e9d215270fa) Importer(815301076,1909f56bfc062723c751e8b465ee728b)
Start importing Assets/PolygonCity/Prefabs/Environments/SM_Env_Road_Lines_01.prefab using Guid(69af78e726c8b9842bb53e9d215270fa) Importer(815301076,1909f56bfc062723c751e8b465ee728b) (PreviewImporter) -> (artifact id: '8f7f80e7147d50eb514ec8606c14af89') in 0.0266718 seconds
Number of updated asset objects reloaded before import = 0Number of asset objects unloaded after import = 11

========================================================================
Received Import Request.
  Time since last request: 0.000047 seconds.
  path: Assets/PolygonCity/Prefabs/Environments/SM_Env_Road_Patch_01.prefab
  artifactKey: Guid(430d14b744769134e831183525387e01) Importer(815301076,1909f56bfc062723c751e8b465ee728b)
Start importing Assets/PolygonCity/Prefabs/Environments/SM_Env_Road_Patch_01.prefab using Guid(430d14b744769134e831183525387e01) Importer(815301076,1909f56bfc062723c751e8b465ee728b) (PreviewImporter) -> (artifact id: '7396aa11144d9428d62641bc6d68967c') in 0.0284874 seconds
Number of updated asset objects reloaded before import = 0Number of asset objects unloaded after import = 13

========================================================================
Received Import Request.
  Time since last request: 0.000028 seconds.
  path: Assets/PolygonCity/Prefabs/Environments/SM_Env_Bridge_Wall_01.prefab
  artifactKey: Guid(1bf05d1af3268c146aa459acc6021b69) Importer(815301076,1909f56bfc062723c751e8b465ee728b)
Start importing Assets/PolygonCity/Prefabs/Environments/SM_Env_Bridge_Wall_01.prefab using Guid(1bf05d1af3268c146aa459acc6021b69) Importer(815301076,1909f56bfc062723c751e8b465ee728b) (PreviewImporter) -> (artifact id: '8ec24be781cb01404f87b0f36bb3f1fb') in 0.0262597 seconds
Number of updated asset objects reloaded before import = 0Number of asset objects unloaded after import = 20

========================================================================
Received Import Request.
  Time since last request: 0.714358 seconds.
  path: Assets/PolygonCity/Prefabs/Environments/SM_Env_Sidewalk_01.prefab
  artifactKey: Guid(260ea4bf1ba71314c9c3833b491586bc) Importer(815301076,1909f56bfc062723c751e8b465ee728b)
Start importing Assets/PolygonCity/Prefabs/Environments/SM_Env_Sidewalk_01.prefab using Guid(260ea4bf1ba71314c9c3833b491586bc) Importer(815301076,1909f56bfc062723c751e8b465ee728b) (PreviewImporter) -> (artifact id: '9ab0868eaa4ca0cf858752c44e1dcec6') in 0.0447908 seconds
Number of updated asset objects reloaded before import = 0Number of asset objects unloaded after import = 13

========================================================================
Received Import Request.
  Time since last request: 0.000031 seconds.
  path: Assets/PolygonCity/Prefabs/Environments/SM_Env_Sidewalk_Grate_02.prefab
  artifactKey: Guid(8bb0b83b7824d964fa1d723d2bddb75e) Importer(815301076,1909f56bfc062723c751e8b465ee728b)
Start importing Assets/PolygonCity/Prefabs/Environments/SM_Env_Sidewalk_Grate_02.prefab using Guid(8bb0b83b7824d964fa1d723d2bddb75e) Importer(815301076,1909f56bfc062723c751e8b465ee728b) (PreviewImporter) -> (artifact id: 'c01059c271a03dc4bdc60d8b55fa12e4') in 0.070463 seconds
Number of updated asset objects reloaded before import = 0Number of asset objects unloaded after import = 13

========================================================================
Received Import Request.
  Time since last request: 0.000033 seconds.
  path: Assets/PolygonCity/Prefabs/Environments/SM_Env_Street_Divider_02.prefab
  artifactKey: Guid(189a6283bd4925841bbf41d7c5919bff) Importer(815301076,1909f56bfc062723c751e8b465ee728b)
Start importing Assets/PolygonCity/Prefabs/Environments/SM_Env_Street_Divider_02.prefab using Guid(189a6283bd4925841bbf41d7c5919bff) Importer(815301076,1909f56bfc062723c751e8b465ee728b) (PreviewImporter) -> (artifact id: '5536cd3128a6b1d19368380373380a22') in 0.064944 seconds
Number of updated asset objects reloaded before import = 0Number of asset objects unloaded after import = 13

========================================================================
Received Import Request.
  Time since last request: 0.000040 seconds.
  path: Assets/PolygonCity/Prefabs/Environments/SM_Env_WaterEdge_Straight_03.prefab
  artifactKey: Guid(412e629bc1aeba94f84bc67e32a5cc7f) Importer(815301076,1909f56bfc062723c751e8b465ee728b)
Start importing Assets/PolygonCity/Prefabs/Environments/SM_Env_WaterEdge_Straight_03.prefab using Guid(412e629bc1aeba94f84bc67e32a5cc7f) Importer(815301076,1909f56bfc062723c751e8b465ee728b) (PreviewImporter) -> (artifact id: '7625e8333a904dd4c78b1dc2e0bda2d2') in 0.0605314 seconds
Number of updated asset objects reloaded before import = 0Number of asset objects unloaded after import = 20

========================================================================
Received Import Request.
  Time since last request: 0.000036 seconds.
  path: Assets/PolygonCity/Prefabs/Environments/SM_Env_Tree_03.prefab
  artifactKey: Guid(c50789636e1fc5c4b8a37e2700e4a3c1) Importer(815301076,1909f56bfc062723c751e8b465ee728b)
Start importing Assets/PolygonCity/Prefabs/Environments/SM_Env_Tree_03.prefab using Guid(c50789636e1fc5c4b8a37e2700e4a3c1) Importer(815301076,1909f56bfc062723c751e8b465ee728b) (PreviewImporter) -> (artifact id: 'dc25c383fc6f026963211aef78b2d374') in 0.0411635 seconds
Number of updated asset objects reloaded before import = 0Number of asset objects unloaded after import = 18

========================================================================
Received Import Request.
  Time since last request: 0.000036 seconds.
  path: Assets/PolygonCity/Prefabs/Environments/SM_Env_WaterEdge_Rock_01.prefab
  artifactKey: Guid(b408ff046e97d28428f851dbcce2f2d5) Importer(815301076,1909f56bfc062723c751e8b465ee728b)
Start importing Assets/PolygonCity/Prefabs/Environments/SM_Env_WaterEdge_Rock_01.prefab using Guid(b408ff046e97d28428f851dbcce2f2d5) Importer(815301076,1909f56bfc062723c751e8b465ee728b) (PreviewImporter) -> (artifact id: '3ad28958b948eaf93e9871679de8d79b') in 0.0486276 seconds
Number of updated asset objects reloaded before import = 0Number of asset objects unloaded after import = 20

========================================================================
Received Import Request.
  Time since last request: 0.000061 seconds.
  path: Assets/PolygonCity/Prefabs/Environments/SM_Env_Sidewalk_Gutter_01.prefab
  artifactKey: Guid(ed8c62e1e1e0ce744a951227804b2bec) Importer(815301076,1909f56bfc062723c751e8b465ee728b)
Start importing Assets/PolygonCity/Prefabs/Environments/SM_Env_Sidewalk_Gutter_01.prefab using Guid(ed8c62e1e1e0ce744a951227804b2bec) Importer(815301076,1909f56bfc062723c751e8b465ee728b) (PreviewImporter) -> (artifact id: '0b06602f6ad7d0183202484f7b4334f5') in 0.0366887 seconds
Number of updated asset objects reloaded before import = 0Number of asset objects unloaded after import = 13

========================================================================
Received Import Request.
  Time since last request: 3.446922 seconds.
  path: Assets/PolygonCity/Prefabs/Props
  artifactKey: Guid(751ea0a08bbc3464f8e24ff62c367789) Importer(815301076,1909f56bfc062723c751e8b465ee728b)
Start importing Assets/PolygonCity/Prefabs/Props using Guid(751ea0a08bbc3464f8e24ff62c367789) Importer(815301076,1909f56bfc062723c751e8b465ee728b) (PreviewImporter) -> (artifact id: 'ffd7095ac0cd9d65b87aa6a063477160') in 0.000739 seconds
Number of updated asset objects reloaded before import = 0Number of asset objects unloaded after import = 0

========================================================================
Received Import Request.
  Time since last request: 0.079819 seconds.
  path: Assets/PolygonCity/Prefabs/Props/SM_Prop_Aircon_01.prefab
  artifactKey: Guid(015249c005381134e896458eb3ed0bb1) Importer(815301076,1909f56bfc062723c751e8b465ee728b)
Start importing Assets/PolygonCity/Prefabs/Props/SM_Prop_Aircon_01.prefab using Guid(015249c005381134e896458eb3ed0bb1) Importer(815301076,1909f56bfc062723c751e8b465ee728b) (PreviewImporter) -> (artifact id: 'd2f4ed40c74baac9496437902d630571') in 0.0276999 seconds
Number of updated asset objects reloaded before import = 0Number of asset objects unloaded after import = 14

========================================================================
Received Import Request.
  Time since last request: 0.000027 seconds.
  path: Assets/PolygonCity/Prefabs/Props/SM_Prop_Billboard_Pole_01.prefab
  artifactKey: Guid(41f97a49a9daacd4cb2f4f15f3b4a822) Importer(815301076,1909f56bfc062723c751e8b465ee728b)
Start importing Assets/PolygonCity/Prefabs/Props/SM_Prop_Billboard_Pole_01.prefab using Guid(41f97a49a9daacd4cb2f4f15f3b4a822) Importer(815301076,1909f56bfc062723c751e8b465ee728b) (PreviewImporter) -> (artifact id: '21cfc5a09f84470760b608a555cf74de') in 0.0317224 seconds
Number of updated asset objects reloaded before import = 0Number of asset objects unloaded after import = 14

========================================================================
Received Import Request.
  Time since last request: 0.000025 seconds.
  path: Assets/PolygonCity/Prefabs/Props/SM_Prop_Billboard_Sign_07.prefab
  artifactKey: Guid(a2a53a2e1585ac7439ff035b5b626d46) Importer(815301076,1909f56bfc062723c751e8b465ee728b)
Start importing Assets/PolygonCity/Prefabs/Props/SM_Prop_Billboard_Sign_07.prefab using Guid(a2a53a2e1585ac7439ff035b5b626d46) Importer(815301076,1909f56bfc062723c751e8b465ee728b) (PreviewImporter) -> (artifact id: 'd27e50ce4efe66a3daa0a41bb54dea05') in 0.03038 seconds
Number of updated asset objects reloaded before import = 0Number of asset objects unloaded after import = 10

========================================================================
Received Import Request.
  Time since last request: 0.000033 seconds.
  path: Assets/PolygonCity/Prefabs/Props/SM_Prop_CardboardBox_01.prefab
  artifactKey: Guid(87c2df8e665f8664e932718fcf85c0b2) Importer(815301076,1909f56bfc062723c751e8b465ee728b)
Start importing Assets/PolygonCity/Prefabs/Props/SM_Prop_CardboardBox_01.prefab using Guid(87c2df8e665f8664e932718fcf85c0b2) Importer(815301076,1909f56bfc062723c751e8b465ee728b) (PreviewImporter) -> (artifact id: 'd351f8112fe5a44a1126c037ba247ddf') in 0.0328304 seconds
Number of updated asset objects reloaded before import = 0Number of asset objects unloaded after import = 13

========================================================================
Received Import Request.
  Time since last request: 0.000034 seconds.
  path: Assets/PolygonCity/Prefabs/Props/SM_Prop_CardboardBox_03.prefab
  artifactKey: Guid(0aec61f3a3bdb4a438a673a2ab728ce8) Importer(815301076,1909f56bfc062723c751e8b465ee728b)
Start importing Assets/PolygonCity/Prefabs/Props/SM_Prop_CardboardBox_03.prefab using Guid(0aec61f3a3bdb4a438a673a2ab728ce8) Importer(815301076,1909f56bfc062723c751e8b465ee728b) (PreviewImporter) -> (artifact id: '1329c08e229c855df6b35e90282e8a97') in 0.0381275 seconds
Number of updated asset objects reloaded before import = 0Number of asset objects unloaded after import = 14

========================================================================
Received Import Request.
  Time since last request: 0.000030 seconds.
  path: Assets/PolygonCity/Prefabs/Props/SM_Prop_Couch_01.prefab
  artifactKey: Guid(e74203ea62daad341816376fb141a8b5) Importer(815301076,1909f56bfc062723c751e8b465ee728b)
Start importing Assets/PolygonCity/Prefabs/Props/SM_Prop_Couch_01.prefab using Guid(e74203ea62daad341816376fb141a8b5) Importer(815301076,1909f56bfc062723c751e8b465ee728b) (PreviewImporter) -> (artifact id: '816390a7aa619a8b53da2694bbce2f21') in 0.0328696 seconds
Number of updated asset objects reloaded before import = 0Number of asset objects unloaded after import = 20

========================================================================
Received Import Request.
  Time since last request: 0.000036 seconds.
  path: Assets/PolygonCity/Prefabs/Props/SM_Prop_Hydrant_01.prefab
  artifactKey: Guid(400c967e5d1329c4c9dd5bc47e49d545) Importer(815301076,1909f56bfc062723c751e8b465ee728b)
Start importing Assets/PolygonCity/Prefabs/Props/SM_Prop_Hydrant_01.prefab using Guid(400c967e5d1329c4c9dd5bc47e49d545) Importer(815301076,1909f56bfc062723c751e8b465ee728b) (PreviewImporter) -> (artifact id: '135ddd9e9a1d2e0a0f5666b1e15c2b3b') in 0.0356421 seconds
Number of updated asset objects reloaded before import = 0Number of asset objects unloaded after import = 14

========================================================================
Received Import Request.
  Time since last request: 0.000055 seconds.
  path: Assets/PolygonCity/Prefabs/Props/SM_Prop_LargeSign_Coffee_01.prefab
  artifactKey: Guid(e6139376bf14ce144b7584ca3e26d24b) Importer(815301076,1909f56bfc062723c751e8b465ee728b)
Start importing Assets/PolygonCity/Prefabs/Props/SM_Prop_LargeSign_Coffee_01.prefab using Guid(e6139376bf14ce144b7584ca3e26d24b) Importer(815301076,1909f56bfc062723c751e8b465ee728b) (PreviewImporter) -> (artifact id: 'd9f27865c9ec683458e0efce01dbccc2') in 0.0321405 seconds
Number of updated asset objects reloaded before import = 0Number of asset objects unloaded after import = 14

========================================================================
Received Import Request.
  Time since last request: 0.000027 seconds.
  path: Assets/PolygonCity/Prefabs/Props/SM_Prop_LargeSign_Icecream_01.prefab
  artifactKey: Guid(1c0370843c27f3241b125cb9187073d6) Importer(815301076,1909f56bfc062723c751e8b465ee728b)
Start importing Assets/PolygonCity/Prefabs/Props/SM_Prop_LargeSign_Icecream_01.prefab using Guid(1c0370843c27f3241b125cb9187073d6) Importer(815301076,1909f56bfc062723c751e8b465ee728b) (PreviewImporter) -> (artifact id: '6575fca4c3dc9132643fcd648ff21a2a') in 0.0388663 seconds
Number of updated asset objects reloaded before import = 0Number of asset objects unloaded after import = 14

========================================================================
Received Import Request.
  Time since last request: 0.000079 seconds.
  path: Assets/PolygonCity/Prefabs/Props/SM_Prop_LargeSign_BowlingBall_01.prefab
  artifactKey: Guid(d01d785db09ea5f43a99f45228e63817) Importer(815301076,1909f56bfc062723c751e8b465ee728b)
Start importing Assets/PolygonCity/Prefabs/Props/SM_Prop_LargeSign_BowlingBall_01.prefab using Guid(d01d785db09ea5f43a99f45228e63817) Importer(815301076,1909f56bfc062723c751e8b465ee728b) (PreviewImporter) -> (artifact id: '4e8223a134595dfcec50318857c2c067') in 0.0263519 seconds
Number of updated asset objects reloaded before import = 0Number of asset objects unloaded after import = 14

========================================================================
Received Import Request.
  Time since last request: 1.285641 seconds.
  path: Assets/PolygonCity/Prefabs/Props/SM_Prop_LargeSign_Lollypop_01.prefab
  artifactKey: Guid(c2226e896b2ff804a8d2d3398574b20f) Importer(815301076,1909f56bfc062723c751e8b465ee728b)
Start importing Assets/PolygonCity/Prefabs/Props/SM_Prop_LargeSign_Lollypop_01.prefab using Guid(c2226e896b2ff804a8d2d3398574b20f) Importer(815301076,1909f56bfc062723c751e8b465ee728b) (PreviewImporter) -> (artifact id: '5543a3ac53f6c67bcaced07f2ac2e7e6') in 0.0384037 seconds
Number of updated asset objects reloaded before import = 0Number of asset objects unloaded after import = 14

========================================================================
Received Import Request.
  Time since last request: 0.000362 seconds.
  path: Assets/PolygonCity/Prefabs/Props/SM_Prop_LargeSign_Soda_01.prefab
  artifactKey: Guid(94ee31a3d58997f4788e26bcab5a03dc) Importer(815301076,1909f56bfc062723c751e8b465ee728b)
Start importing Assets/PolygonCity/Prefabs/Props/SM_Prop_LargeSign_Soda_01.prefab using Guid(94ee31a3d58997f4788e26bcab5a03dc) Importer(815301076,1909f56bfc062723c751e8b465ee728b) (PreviewImporter) -> (artifact id: '82d9649078439a24c509fa4880684441') in 0.0650114 seconds
Number of updated asset objects reloaded before import = 0Number of asset objects unloaded after import = 14

========================================================================
Received Import Request.
  Time since last request: 0.000035 seconds.
  path: Assets/PolygonCity/Prefabs/Props/SM_Prop_LightPole_Box_01.prefab
  artifactKey: Guid(bf8c887ce2a3f8f41be86bb54fa20b60) Importer(815301076,1909f56bfc062723c751e8b465ee728b)
Start importing Assets/PolygonCity/Prefabs/Props/SM_Prop_LightPole_Box_01.prefab using Guid(bf8c887ce2a3f8f41be86bb54fa20b60) Importer(815301076,1909f56bfc062723c751e8b465ee728b) (PreviewImporter) -> (artifact id: 'c699150fa6c4e26310f08fb5807b4f23') in 0.056205 seconds
Number of updated asset objects reloaded before import = 0Number of asset objects unloaded after import = 14

========================================================================
Received Import Request.
  Time since last request: 1.345188 seconds.
  path: Assets/PolygonCity/Prefabs/Props/SM_Prop_LightPole_CrossButton_01.prefab
  artifactKey: Guid(916be2ac89687b0458f9c3b7759c3248) Importer(815301076,1909f56bfc062723c751e8b465ee728b)
Start importing Assets/PolygonCity/Prefabs/Props/SM_Prop_LightPole_CrossButton_01.prefab using Guid(916be2ac89687b0458f9c3b7759c3248) Importer(815301076,1909f56bfc062723c751e8b465ee728b) (PreviewImporter) -> (artifact id: 'afd0df89fb38720b679385ab0ce0dbbe') in 0.0448863 seconds
Number of updated asset objects reloaded before import = 0Number of asset objects unloaded after import = 14

========================================================================
Received Import Request.
  Time since last request: 0.000025 seconds.
  path: Assets/PolygonCity/Prefabs/Props/SM_Prop_Manhole_01.prefab
  artifactKey: Guid(17d89c35d4de1e34faab77de25282d4b) Importer(815301076,1909f56bfc062723c751e8b465ee728b)
Start importing Assets/PolygonCity/Prefabs/Props/SM_Prop_Manhole_01.prefab using Guid(17d89c35d4de1e34faab77de25282d4b) Importer(815301076,1909f56bfc062723c751e8b465ee728b) (PreviewImporter) -> (artifact id: 'd4e2d97e69d276df2fa22f1e72a2ee8e') in 0.0923436 seconds
Number of updated asset objects reloaded before import = 0Number of asset objects unloaded after import = 14

========================================================================
Received Import Request.
  Time since last request: 0.000652 seconds.
  path: Assets/PolygonCity/Prefabs/Props/SM_Prop_Paper_01.prefab
  artifactKey: Guid(9e7b9a5d5dab450459315a75ec16fa02) Importer(815301076,1909f56bfc062723c751e8b465ee728b)
Start importing Assets/PolygonCity/Prefabs/Props/SM_Prop_Paper_01.prefab using Guid(9e7b9a5d5dab450459315a75ec16fa02) Importer(815301076,1909f56bfc062723c751e8b465ee728b) (PreviewImporter) -> (artifact id: '5214281f0af707b4edf3a09d85637247') in 0.0486135 seconds
Number of updated asset objects reloaded before import = 0Number of asset objects unloaded after import = 13

========================================================================
Received Import Request.
  Time since last request: 3.593189 seconds.
  path: Assets/PolygonCity/Prefabs/Vehicles
  artifactKey: Guid(ba1c4b9af41a9834789776f6d0398b29) Importer(815301076,1909f56bfc062723c751e8b465ee728b)
Start importing Assets/PolygonCity/Prefabs/Vehicles using Guid(ba1c4b9af41a9834789776f6d0398b29) Importer(815301076,1909f56bfc062723c751e8b465ee728b) (PreviewImporter) -> (artifact id: 'f3abd7b4093d74dca89d9a846ebc3124') in 0.0064987 seconds
Number of updated asset objects reloaded before import = 0Number of asset objects unloaded after import = 0

========================================================================
Received Import Request.
  Time since last request: 1.146280 seconds.
  path: Assets/PolygonCity/Prefabs/Vehicles/SM_Veh_Car_Ambo_01.prefab
  artifactKey: Guid(416c46ca128db5f4bb76f235b4f991d5) Importer(815301076,1909f56bfc062723c751e8b465ee728b)
Start importing Assets/PolygonCity/Prefabs/Vehicles/SM_Veh_Car_Ambo_01.prefab using Guid(416c46ca128db5f4bb76f235b4f991d5) Importer(815301076,1909f56bfc062723c751e8b465ee728b) (PreviewImporter) -> (artifact id: '69d9b743bc2e840011c70d89bb7e2728') in 0.0383033 seconds
Number of updated asset objects reloaded before import = 0Number of asset objects unloaded after import = 73

========================================================================
Received Import Request.
  Time since last request: 0.000029 seconds.
  path: Assets/PolygonCity/Prefabs/Vehicles/SM_Veh_Car_Van_01.prefab
  artifactKey: Guid(94469aeaca2d49442af381840b70bb6c) Importer(815301076,1909f56bfc062723c751e8b465ee728b)
Start importing Assets/PolygonCity/Prefabs/Vehicles/SM_Veh_Car_Van_01.prefab using Guid(94469aeaca2d49442af381840b70bb6c) Importer(815301076,1909f56bfc062723c751e8b465ee728b) (PreviewImporter) -> (artifact id: 'ad955a5f63529261a85df15dceb8fe09') in 0.0407962 seconds
Number of updated asset objects reloaded before import = 0Number of asset objects unloaded after import = 73

Editor requested this worker to shutdown with reason: Scaling down because of idle timeout
AssetImportWorkerClient::OnTransportError - code=2 error=End of file
AssetImportWorker is now disconnected from the server
Process exiting
Exiting without the bug reporter. Application will terminate with return code 0